<?xml version="1.0" encoding="UTF-8"?>
<!-- Generated by org.testng.reporters.JUnitXMLReporter -->
<testsuite hostname="Kashyaps-MacBook-Air.local" ignored="0" name="Rest Api Test Cases" tests="2" failures="1" timestamp="24 Aug 2022 09:24:03 GMT" time="1.855" errors="0">
  <testcase name="getApiTest" time="1.41" classname="restApi.qa.test.GetApiTest">
    <failure type="java.lang.AssertionError" message="Status code is 429 expected [200] but found [429]">
      <![CDATA[java.lang.AssertionError: Status code is 429 expected [200] but found [429]
	at restApi.qa.test.GetApiTest.getApiTest(GetApiTest.java:51)
... Removed 30 stack frames]]>
    </failure>
  </testcase> <!-- getApiTest -->
  <testcase name="getEmployeePersonalDataTest" time="0.399" classname="restApi.qa.test.GetApiTest"/>
</testsuite> <!-- Rest Api Test Cases -->
